❌ 发生未处理的异常: Message: Unable to obtain driver for chrome; For documentation on this error, please visit: https://www.selenium.dev/documentation/webdriver/troubleshooting/errors/driver_location

Traceback (most recent call last):
  File "/usr/local/lib/python3.10/dist-packages/selenium/webdriver/common/driver_finder.py", line 64, in _binary_paths
    raise ValueError(f"The path is not a valid file: {path}")
ValueError: The path is not a valid file: /home/senchen/oss-fuzz/chromedriver/chromedriver-linux64/chromedriver.exe

The above exception was the direct cause of the following exception:

Traceback (most recent call last):
  File "/home/senchen/oss-fuzz/temp.py", line 551, in main
    fetch_rendered_page(chromedriver_path, output_path)
  File "/home/senchen/oss-fuzz/temp.py", line 292, in fetch_rendered_page
    driver = webdriver.Chrome(service=service, options=opts)
  File "/usr/local/lib/python3.10/dist-packages/selenium/webdriver/chrome/webdriver.py", line 45, in __init__
    super().__init__(
  File "/usr/local/lib/python3.10/dist-packages/selenium/webdriver/chromium/webdriver.py", line 50, in __init__
    if finder.get_browser_path():
  File "/usr/local/lib/python3.10/dist-packages/selenium/webdriver/common/driver_finder.py", line 47, in get_browser_path
    return self._binary_paths()["browser_path"]
  File "/usr/local/lib/python3.10/dist-packages/selenium/webdriver/common/driver_finder.py", line 78, in _binary_paths
    raise NoSuchDriverException(msg) from err
selenium.common.exceptions.NoSuchDriverException: Message: Unable to obtain driver for chrome; For documentation on this error, please visit: https://www.selenium.dev/documentation/webdriver/troubleshooting/errors/driver_location

✅ 日志已保存到: log_20250919_230537.txt
